***  Installation Started 12/14/04 14:28  ***
Title: 曹操传简体中文经典版 - 水木清华特别版 V4(带全部动画)安装
Source: E:\sanguo\caocao.exe
Made Dir: d:\Program Files\CaoCao
File Copy: d:\Program Files\CaoCao\UNWISE.EXE
RegDB Key: Software\Microsoft\Windows\CurrentVersion\Uninstall\曹操传简体中文经典版 - 水木清华特别版 V4(带全部动画)
RegDB Val: 曹操传简体中文经典版 - 水木清华特别版 V4(带全部动画)
RegDB Name: DisplayName
RegDB Root: 2
RegDB Key: Software\Microsoft\Windows\CurrentVersion\Uninstall\曹操传简体中文经典版 - 水木清华特别版 V4(带全部动画)
RegDB Val: D:\PROGRA~1\CaoCao\UNWISE.EXE D:\PROGRA~1\CaoCao\INSTALL.LOG
RegDB Name: UninstallString
RegDB Root: 2
File Copy: d:\Program Files\CaoCao\README.txt
File Copy: d:\Program Files\CaoCao\Sv00d.e5s
File Copy: d:\Program Files\CaoCao\AutoDLL.ini
File Copy: d:\Program Files\CaoCao\AutoDLL.dll
File Copy: d:\Program Files\CaoCao\Mgcicon.dll
File Copy: d:\Program Files\CaoCao\Mapatr.dll
File Copy: d:\Program Files\CaoCao\Itemicon.dll
File Copy: d:\Program Files\CaoCao\Cmdicon.dll
Made Dir: d:\Program Files\CaoCao\SoundTrk
File Copy: d:\Program Files\CaoCao\SoundTrk\22-AudioTrack 22.mp3
File Copy: d:\Program Files\CaoCao\SoundTrk\21-AudioTrack 21.mp3
File Copy: d:\Program Files\CaoCao\SoundTrk\20-AudioTrack 20.mp3
File Copy: d:\Program Files\CaoCao\SoundTrk\19-AudioTrack 19.mp3
File Copy: d:\Program Files\CaoCao\SoundTrk\18-AudioTrack 18.mp3
File Copy: d:\Program Files\CaoCao\SoundTrk\17-AudioTrack 17.mp3
File Copy: d:\Program Files\CaoCao\SoundTrk\16-AudioTrack 16.mp3
File Copy: d:\Program Files\CaoCao\SoundTrk\15-AudioTrack 15.mp3
File Copy: d:\Program Files\CaoCao\SoundTrk\14-AudioTrack 14.mp3
File Copy: d:\Program Files\CaoCao\SoundTrk\13-AudioTrack 13.mp3
File Copy: d:\Program Files\CaoCao\SoundTrk\12-AudioTrack 12.mp3
File Copy: d:\Program Files\CaoCao\SoundTrk\11-AudioTrack 11.mp3
File Copy: d:\Program Files\CaoCao\SoundTrk\10-AudioTrack 10.mp3
File Copy: d:\Program Files\CaoCao\SoundTrk\09-AudioTrack 09.mp3
File Copy: d:\Program Files\CaoCao\SoundTrk\08-AudioTrack 08.mp3
File Copy: d:\Program Files\CaoCao\SoundTrk\07-AudioTrack 07.mp3
File Copy: d:\Program Files\CaoCao\SoundTrk\06-AudioTrack 06.mp3
File Copy: d:\Program Files\CaoCao\SoundTrk\04-AudioTrack 04.mp3
File Copy: d:\Program Files\CaoCao\SoundTrk\03-AudioTrack 03.mp3
File Copy: d:\Program Files\CaoCao\SoundTrk\02-AudioTrack 02.mp3
File Copy: d:\Program Files\CaoCao\SoundTrk\05-AudioTrack 05.mp3
File Copy: d:\Program Files\CaoCao\Se00.wav
File Copy: d:\Program Files\CaoCao\Se01.wav
File Copy: d:\Program Files\CaoCao\Se02.wav
File Copy: d:\Program Files\CaoCao\Se03.wav
File Copy: d:\Program Files\CaoCao\Se04.wav
File Copy: d:\Program Files\CaoCao\Se05.wav
File Copy: d:\Program Files\CaoCao\Se06.wav
File Copy: d:\Program Files\CaoCao\Se07.wav
File Copy: d:\Program Files\CaoCao\Se08.wav
File Copy: d:\Program Files\CaoCao\Se09.wav
File Copy: d:\Program Files\CaoCao\Se10.wav
File Copy: d:\Program Files\CaoCao\Se11.wav
File Copy: d:\Program Files\CaoCao\Se12.wav
File Copy: d:\Program Files\CaoCao\Se13.wav
File Copy: d:\Program Files\CaoCao\Se14.wav
File Copy: d:\Program Files\CaoCao\Se15.wav
File Copy: d:\Program Files\CaoCao\Se16.wav
File Copy: d:\Program Files\CaoCao\Se17.wav
File Copy: d:\Program Files\CaoCao\Se18.wav
File Copy: d:\Program Files\CaoCao\Se19.wav
File Copy: d:\Program Files\CaoCao\Se20.wav
File Copy: d:\Program Files\CaoCao\Se21.wav
File Copy: d:\Program Files\CaoCao\Se22.wav
File Copy: d:\Program Files\CaoCao\Se23.wav
File Copy: d:\Program Files\CaoCao\Se24.wav
File Copy: d:\Program Files\CaoCao\Se25.wav
File Copy: d:\Program Files\CaoCao\Se26.wav
File Copy: d:\Program Files\CaoCao\Se27.wav
File Copy: d:\Program Files\CaoCao\Se28.wav
File Copy: d:\Program Files\CaoCao\Se29.wav
File Copy: d:\Program Files\CaoCao\Se30.wav
File Copy: d:\Program Files\CaoCao\Se31.wav
File Copy: d:\Program Files\CaoCao\Se32.wav
File Copy: d:\Program Files\CaoCao\Se33.wav
File Copy: d:\Program Files\CaoCao\Se34.wav
File Copy: d:\Program Files\CaoCao\Se35.wav
File Copy: d:\Program Files\CaoCao\Se36.wav
File Copy: d:\Program Files\CaoCao\Se37.wav
File Copy: d:\Program Files\CaoCao\Se38.wav
File Copy: d:\Program Files\CaoCao\Se39.wav
File Copy: d:\Program Files\CaoCao\Se40.wav
File Copy: d:\Program Files\CaoCao\Se41.wav
File Copy: d:\Program Files\CaoCao\Se42.wav
File Copy: d:\Program Files\CaoCao\Se_e_00.wav
File Copy: d:\Program Files\CaoCao\Se_e_01.wav
File Copy: d:\Program Files\CaoCao\Se_e_02.wav
File Copy: d:\Program Files\CaoCao\Se_e_03.wav
File Copy: d:\Program Files\CaoCao\Se_e_04.wav
File Copy: d:\Program Files\CaoCao\Se_e_05.wav
File Copy: d:\Program Files\CaoCao\Se_e_06.wav
File Copy: d:\Program Files\CaoCao\Se_e_07.wav
File Copy: d:\Program Files\CaoCao\Se_e_08.wav
File Copy: d:\Program Files\CaoCao\Se_m_00.wav
File Copy: d:\Program Files\CaoCao\Se_m_01.wav
File Copy: d:\Program Files\CaoCao\Se_m_02.wav
File Copy: d:\Program Files\CaoCao\Se_m_03.wav
File Copy: d:\Program Files\CaoCao\Se_m_04.wav
File Copy: d:\Program Files\CaoCao\Se_m_05.wav
File Copy: d:\Program Files\CaoCao\Se_m_06.wav
File Copy: d:\Program Files\CaoCao\Se_m_07.wav
File Copy: d:\Program Files\CaoCao\Se_m_08.wav
File Copy: d:\Program Files\CaoCao\Se_m_09.wav
File Copy: d:\Program Files\CaoCao\Se_m_10.wav
File Copy: d:\Program Files\CaoCao\Se_m_11.wav
File Copy: d:\Program Files\CaoCao\Se_m_12.wav
File Copy: d:\Program Files\CaoCao\Se_m_13.wav
File Copy: d:\Program Files\CaoCao\Se_m_14.wav
File Copy: d:\Program Files\CaoCao\Se_m_15.wav
File Copy: d:\Program Files\CaoCao\Se_m_16.wav
File Copy: d:\Program Files\CaoCao\Se_m_17.wav
File Copy: d:\Program Files\CaoCao\Se_m_18.wav
File Copy: d:\Program Files\CaoCao\Se_m_19.wav
File Copy: d:\Program Files\CaoCao\Se_m_20.wav
File Copy: d:\Program Files\CaoCao\Se_m_21.wav
File Copy: d:\Program Files\CaoCao\Se_m_22.wav
File Copy: d:\Program Files\CaoCao\Se_m_23.wav
File Copy: d:\Program Files\CaoCao\Se_m_24.wav
File Copy: d:\Program Files\CaoCao\Se_m_25.wav
File Copy: d:\Program Files\CaoCao\Se_m_26.wav
File Copy: d:\Program Files\CaoCao\Se_m_27.wav
File Copy: d:\Program Files\CaoCao\Se_m_28.wav
File Copy: d:\Program Files\CaoCao\Se_m_29.wav
File Copy: d:\Program Files\CaoCao\Se_m_30.wav
File Copy: d:\Program Files\CaoCao\Se_m_31.wav
File Copy: d:\Program Files\CaoCao\Se_m_32.wav
File Copy: d:\Program Files\CaoCao\Se_m_33.wav
File Copy: d:\Program Files\CaoCao\Se_m_34.wav
File Copy: d:\Program Files\CaoCao\Se_m_35.wav
File Copy: d:\Program Files\CaoCao\Se_m_36.wav
File Copy: d:\Program Files\CaoCao\Svcmn.e5s
File Copy: d:\Program Files\CaoCao\Sv00e.e5s
File Copy: d:\Program Files\CaoCao\Sv00s.e5s
File Copy: d:\Program Files\CaoCao\Sv01d.e5s
File Copy: d:\Program Files\CaoCao\Sv01e.e5s
File Copy: d:\Program Files\CaoCao\Sv01s.e5s
File Copy: d:\Program Files\CaoCao\Sv02d.e5s
File Copy: d:\Program Files\CaoCao\Sv02e.e5s
File Copy: d:\Program Files\CaoCao\Sv02s.e5s
File Copy: d:\Program Files\CaoCao\Sv03d.e5s
File Copy: d:\Program Files\CaoCao\Sv03e.e5s
File Copy: d:\Program Files\CaoCao\Sv03s.e5s
File Copy: d:\Program Files\CaoCao\Sv04d.e5s
File Copy: d:\Program Files\CaoCao\Sv04e.e5s
File Copy: d:\Program Files\CaoCao\Sv04s.e5s
File Copy: d:\Program Files\CaoCao\Sv05d.e5s
File Copy: d:\Program Files\CaoCao\Sv05e.e5s
File Copy: d:\Program Files\CaoCao\Sv05s.e5s
File Copy: d:\Program Files\CaoCao\Sv06d.e5s
File Copy: d:\Program Files\CaoCao\Sv06e.e5s
File Copy: d:\Program Files\CaoCao\Sv06s.e5s
File Copy: d:\Program Files\CaoCao\Sv07d.e5s
File Copy: d:\Program Files\CaoCao\Sv07e.e5s
File Copy: d:\Program Files\CaoCao\Sv07s.e5s
File Copy: d:\Program Files\CaoCao\Sv08d.e5s
File Copy: d:\Program Files\CaoCao\Sv08e.e5s
File Copy: d:\Program Files\CaoCao\Sv08s.e5s
File Copy: d:\Program Files\CaoCao\Sv09d.e5s
File Copy: d:\Program Files\CaoCao\Sv09e.e5s
File Copy: d:\Program Files\CaoCao\Sv09s.e5s
File Copy: d:\Program Files\CaoCao\Data.e5
File Copy: d:\Program Files\CaoCao\Effarea.e5
File Copy: d:\Program Files\CaoCao\Face.e5
File Copy: d:\Program Files\CaoCao\Font.e5
File Copy: d:\Program Files\CaoCao\Gate.e5
File Copy: d:\Program Files\CaoCao\Hexzmap.e5
File Copy: d:\Program Files\CaoCao\Hitarea.e5
File Copy: d:\Program Files\CaoCao\Hm00.e5
File Copy: d:\Program Files\CaoCao\Imsg.e5
File Copy: d:\Program Files\CaoCao\Item.e5
File Copy: d:\Program Files\CaoCao\Logo.e5
File Copy: d:\Program Files\CaoCao\Logo_p.e5
File Copy: d:\Program Files\CaoCao\Mark.e5
File Copy: d:\Program Files\CaoCao\Mcall00.e5
File Copy: d:\Program Files\CaoCao\Mcall01.e5
File Copy: d:\Program Files\CaoCao\Mcall02.e5
File Copy: d:\Program Files\CaoCao\Mcall03.e5
File Copy: d:\Program Files\CaoCao\Mcall04.e5
File Copy: d:\Program Files\CaoCao\Mcall05.e5
File Copy: d:\Program Files\CaoCao\Mcall06.e5
File Copy: d:\Program Files\CaoCao\Mcall07.e5
File Copy: d:\Program Files\CaoCao\Mcall08.e5
File Copy: d:\Program Files\CaoCao\Meff.e5
File Copy: d:\Program Files\CaoCao\Mmap.e5
File Copy: d:\Program Files\CaoCao\Pmap.e5
File Copy: d:\Program Files\CaoCao\Pmapobj.e5
File Copy: d:\Program Files\CaoCao\Pmpalet.e5
File Copy: d:\Program Files\CaoCao\Smlmap.e5
File Copy: d:\Program Files\CaoCao\Spalet.e5
File Copy: d:\Program Files\CaoCao\U_select.e5
File Copy: d:\Program Files\CaoCao\Unit_atk.e5
File Copy: d:\Program Files\CaoCao\Unit_mov.e5
File Copy: d:\Program Files\CaoCao\Unit_spc.e5
File Copy: d:\Program Files\CaoCao\Weather.e5
File Copy: d:\Program Files\CaoCao\R_00.eex
File Copy: d:\Program Files\CaoCao\R_01.eex
File Copy: d:\Program Files\CaoCao\R_02.eex
File Copy: d:\Program Files\CaoCao\R_03.eex
File Copy: d:\Program Files\CaoCao\R_04.eex
File Copy: d:\Program Files\CaoCao\R_05.eex
File Copy: d:\Program Files\CaoCao\R_06.eex
File Copy: d:\Program Files\CaoCao\R_07.eex
File Copy: d:\Program Files\CaoCao\R_08.eex
File Copy: d:\Program Files\CaoCao\R_09.eex
File Copy: d:\Program Files\CaoCao\R_10.eex
File Copy: d:\Program Files\CaoCao\R_11.eex
File Copy: d:\Program Files\CaoCao\R_12.eex
File Copy: d:\Program Files\CaoCao\R_13.eex
File Copy: d:\Program Files\CaoCao\R_14.eex
File Copy: d:\Program Files\CaoCao\R_15.eex
File Copy: d:\Program Files\CaoCao\R_16.eex
File Copy: d:\Program Files\CaoCao\R_17.eex
File Copy: d:\Program Files\CaoCao\R_18.eex
File Copy: d:\Program Files\CaoCao\R_19.eex
File Copy: d:\Program Files\CaoCao\R_20.eex
File Copy: d:\Program Files\CaoCao\R_21.eex
File Copy: d:\Program Files\CaoCao\R_22.eex
File Copy: d:\Program Files\CaoCao\R_23.eex
File Copy: d:\Program Files\CaoCao\R_24.eex
File Copy: d:\Program Files\CaoCao\R_25.eex
File Copy: d:\Program Files\CaoCao\R_26.eex
File Copy: d:\Program Files\CaoCao\R_27.eex
File Copy: d:\Program Files\CaoCao\R_28.eex
File Copy: d:\Program Files\CaoCao\R_29.eex
File Copy: d:\Program Files\CaoCao\R_30.eex
File Copy: d:\Program Files\CaoCao\R_31.eex
File Copy: d:\Program Files\CaoCao\R_32.eex
File Copy: d:\Program Files\CaoCao\R_33.eex
File Copy: d:\Program Files\CaoCao\R_34.eex
File Copy: d:\Program Files\CaoCao\R_35.eex
File Copy: d:\Program Files\CaoCao\R_36.eex
File Copy: d:\Program Files\CaoCao\R_37.eex
File Copy: d:\Program Files\CaoCao\R_38.eex
File Copy: d:\Program Files\CaoCao\R_39.eex
File Copy: d:\Program Files\CaoCao\R_40.eex
File Copy: d:\Program Files\CaoCao\R_41.eex
File Copy: d:\Program Files\CaoCao\R_42.eex
File Copy: d:\Program Files\CaoCao\R_43.eex
File Copy: d:\Program Files\CaoCao\R_44.eex
File Copy: d:\Program Files\CaoCao\R_45.eex
File Copy: d:\Program Files\CaoCao\R_46.eex
File Copy: d:\Program Files\CaoCao\R_47.eex
File Copy: d:\Program Files\CaoCao\R_48.eex
File Copy: d:\Program Files\CaoCao\R_49.eex
File Copy: d:\Program Files\CaoCao\R_50.eex
File Copy: d:\Program Files\CaoCao\R_51.eex
File Copy: d:\Program Files\CaoCao\R_52.eex
File Copy: d:\Program Files\CaoCao\R_53.eex
File Copy: d:\Program Files\CaoCao\R_54.eex
File Copy: d:\Program Files\CaoCao\R_55.eex
File Copy: d:\Program Files\CaoCao\R_56.eex
File Copy: d:\Program Files\CaoCao\R_57.eex
File Copy: d:\Program Files\CaoCao\R_58.eex
File Copy: d:\Program Files\CaoCao\S_00.eex
File Copy: d:\Program Files\CaoCao\S_01.eex
File Copy: d:\Program Files\CaoCao\S_02.eex
File Copy: d:\Program Files\CaoCao\S_03.eex
File Copy: d:\Program Files\CaoCao\S_04.eex
File Copy: d:\Program Files\CaoCao\S_05.eex
File Copy: d:\Program Files\CaoCao\S_06.eex
File Copy: d:\Program Files\CaoCao\S_07.eex
File Copy: d:\Program Files\CaoCao\S_08.eex
File Copy: d:\Program Files\CaoCao\S_09.eex
File Copy: d:\Program Files\CaoCao\S_10.eex
File Copy: d:\Program Files\CaoCao\S_11.eex
File Copy: d:\Program Files\CaoCao\S_12.eex
File Copy: d:\Program Files\CaoCao\S_13.eex
File Copy: d:\Program Files\CaoCao\S_14.eex
File Copy: d:\Program Files\CaoCao\S_15.eex
File Copy: d:\Program Files\CaoCao\S_16.eex
File Copy: d:\Program Files\CaoCao\S_17.eex
File Copy: d:\Program Files\CaoCao\S_18.eex
File Copy: d:\Program Files\CaoCao\S_19.eex
File Copy: d:\Program Files\CaoCao\S_20.eex
File Copy: d:\Program Files\CaoCao\S_21.eex
File Copy: d:\Program Files\CaoCao\S_22.eex
File Copy: d:\Program Files\CaoCao\S_23.eex
File Copy: d:\Program Files\CaoCao\S_24.eex
File Copy: d:\Program Files\CaoCao\S_25.eex
File Copy: d:\Program Files\CaoCao\S_26.eex
File Copy: d:\Program Files\CaoCao\S_27.eex
File Copy: d:\Program Files\CaoCao\S_28.eex
File Copy: d:\Program Files\CaoCao\S_29.eex
File Copy: d:\Program Files\CaoCao\S_30.eex
File Copy: d:\Program Files\CaoCao\S_31.eex
File Copy: d:\Program Files\CaoCao\S_32.eex
File Copy: d:\Program Files\CaoCao\S_33.eex
File Copy: d:\Program Files\CaoCao\S_34.eex
File Copy: d:\Program Files\CaoCao\S_35.eex
File Copy: d:\Program Files\CaoCao\S_36.eex
File Copy: d:\Program Files\CaoCao\S_37.eex
File Copy: d:\Program Files\CaoCao\S_38.eex
File Copy: d:\Program Files\CaoCao\S_39.eex
File Copy: d:\Program Files\CaoCao\S_40.eex
File Copy: d:\Program Files\CaoCao\S_41.eex
File Copy: d:\Program Files\CaoCao\S_42.eex
File Copy: d:\Program Files\CaoCao\S_43.eex
File Copy: d:\Program Files\CaoCao\S_44.eex
File Copy: d:\Program Files\CaoCao\S_45.eex
File Copy: d:\Program Files\CaoCao\S_46.eex
File Copy: d:\Program Files\CaoCao\S_47.eex
File Copy: d:\Program Files\CaoCao\S_48.eex
File Copy: d:\Program Files\CaoCao\S_49.eex
File Copy: d:\Program Files\CaoCao\S_50.eex
File Copy: d:\Program Files\CaoCao\S_51.eex
File Copy: d:\Program Files\CaoCao\S_52.eex
File Copy: d:\Program Files\CaoCao\S_53.eex
File Copy: d:\Program Files\CaoCao\S_54.eex
File Copy: d:\Program Files\CaoCao\S_55.eex
File Copy: d:\Program Files\CaoCao\S_56.eex
File Copy: d:\Program Files\CaoCao\S_57.eex
File Copy: d:\Program Files\CaoCao\End.avi
File Copy: d:\Program Files\CaoCao\Hm01.e5
File Copy: d:\Program Files\CaoCao\Hm02.e5
File Copy: d:\Program Files\CaoCao\Hm03.e5
File Copy: d:\Program Files\CaoCao\Hm04.e5
File Copy: d:\Program Files\CaoCao\Hm05.e5
File Copy: d:\Program Files\CaoCao\Hm06.e5
File Copy: d:\Program Files\CaoCao\Hm07.e5
File Copy: d:\Program Files\CaoCao\Hm08.e5
File Copy: d:\Program Files\CaoCao\Hm09.e5
File Copy: d:\Program Files\CaoCao\Hm10.e5
File Copy: d:\Program Files\CaoCao\Hm11.e5
File Copy: d:\Program Files\CaoCao\Hm12.e5
File Copy: d:\Program Files\CaoCao\Hm13.e5
File Copy: d:\Program Files\CaoCao\Hm14.e5
File Copy: d:\Program Files\CaoCao\Hm15.e5
File Copy: d:\Program Files\CaoCao\Hm16.e5
File Copy: d:\Program Files\CaoCao\Hm17.e5
File Copy: d:\Program Files\CaoCao\Hm18.e5
File Copy: d:\Program Files\CaoCao\Hm19.e5
File Copy: d:\Program Files\CaoCao\Hm20.e5
File Copy: d:\Program Files\CaoCao\Hm21.e5
File Copy: d:\Program Files\CaoCao\Hm22.e5
File Copy: d:\Program Files\CaoCao\Hm23.e5
File Copy: d:\Program Files\CaoCao\Hm24.e5
File Copy: d:\Program Files\CaoCao\Hm25.e5
File Copy: d:\Program Files\CaoCao\Hm26.e5
File Copy: d:\Program Files\CaoCao\Hm27.e5
File Copy: d:\Program Files\CaoCao\Hm28.e5
File Copy: d:\Program Files\CaoCao\Hm29.e5
File Copy: d:\Program Files\CaoCao\Hm30.e5
File Copy: d:\Program Files\CaoCao\Hm31.e5
File Copy: d:\Program Files\CaoCao\Hm32.e5
File Copy: d:\Program Files\CaoCao\Hm33.e5
File Copy: d:\Program Files\CaoCao\Hm34.e5
File Copy: d:\Program Files\CaoCao\Hm35.e5
File Copy: d:\Program Files\CaoCao\Hm36.e5
File Copy: d:\Program Files\CaoCao\Hm37.e5
File Copy: d:\Program Files\CaoCao\Hm38.e5
File Copy: d:\Program Files\CaoCao\Hm39.e5
File Copy: d:\Program Files\CaoCao\Hm40.e5
File Copy: d:\Program Files\CaoCao\Hm41.e5
File Copy: d:\Program Files\CaoCao\Hm42.e5
File Copy: d:\Program Files\CaoCao\Hm43.e5
File Copy: d:\Program Files\CaoCao\Hm44.e5
File Copy: d:\Program Files\CaoCao\Hm45.e5
File Copy: d:\Program Files\CaoCao\Hm46.e5
File Copy: d:\Program Files\CaoCao\Hm47.e5
File Copy: d:\Program Files\CaoCao\Hm48.e5
File Copy: d:\Program Files\CaoCao\Hm49.e5
File Copy: d:\Program Files\CaoCao\Hm50.e5
File Copy: d:\Program Files\CaoCao\Hm51.e5
File Copy: d:\Program Files\CaoCao\Hm52.e5
File Copy: d:\Program Files\CaoCao\Hm53.e5
File Copy: d:\Program Files\CaoCao\Hm54.e5
File Copy: d:\Program Files\CaoCao\Hm55.e5
File Copy: d:\Program Files\CaoCao\Hm56.e5
File Copy: d:\Program Files\CaoCao\Hm57.e5
File Copy: d:\Program Files\CaoCao\Logo.avi
File Copy: d:\Program Files\CaoCao\Open.avi
File Copy: d:\Program Files\CaoCao\Press.avi
File Copy: d:\Program Files\CaoCao\Koeicda.dll
File Copy: d:\Program Files\CaoCao\mp3serv.dat
File Copy: d:\Program Files\CaoCao\Ekd5.exe
File Copy: d:\Program Files\CaoCao\mp3list.txt
Made Dir: C:\Documents and Settings\All Users\「开始」菜单\程序\三国题材游戏大全
Shell Link: C:\Documents and Settings\All Users\「开始」菜单\程序\三国题材游戏大全\曹操传简体中文经典版.lnk
User Rights: Admin
